<?xml version="1.0" encoding="UTF-8"?>
<!-- Generated by org.testng.reporters.JUnitXMLReporter -->
<testsuite ignored="0" hostname="chathucharu" failures="1" tests="3" name="Test" time="25.038" errors="0" timestamp="2026-07-07T21:53:36 EDT">
  <testcase classname="io.cucumber.testng.AbstractTestNGCucumberTests" name="runScenario" time="12.673"/>
  <testcase classname="io.cucumber.testng.AbstractTestNGCucumberTests" name="runScenario" time="4.869"/>
  <testcase classname="io.cucumber.testng.AbstractTestNGCucumberTests" name="runScenario" time="6.15">
    <failure type="java.lang.AssertionError" message="expected [WrongTitle] but found [OrangeHRM]">
      <![CDATA[java.lang.AssertionError: expected [WrongTitle] but found [OrangeHRM]
at accounting.opensourcedemoSteps.user_fails_to_navigate_to_dashboard_after_successful_login(opensourcedemoSteps.java:73)
at ✽.user fails to navigate to dashboard after successful login(file:///C:/eclipse-workspace/Cucumber/src/test/resources/features/accounting/opensourcedemo2.feature:8)
... Removed 6 stack frames]]>
    </failure>
  </testcase> <!-- runScenario -->
</testsuite> <!-- Test -->
