<?xml version="1.0" encoding="UTF-8"?>
<!-- Generated by org.testng.reporters.JUnitXMLReporter -->
<testsuite ignored="0" hostname="chathucharu" failures="1" tests="4" name="Default test" time="28.349" errors="0" timestamp="2026-01-04T22:09:32 EST">
  <testcase classname="io.cucumber.testng.AbstractTestNGCucumberTests" name="runScenario" time="17.149"/>
  <testcase classname="io.cucumber.testng.AbstractTestNGCucumberTests" name="runScenario" time="6.866">
    <failure type="java.lang.AssertionError" message="expected [WrongTitle] but found [OrangeHRM]">
      <![CDATA[java.lang.AssertionError: expected [WrongTitle] but found [OrangeHRM]
at org.testng.Assert.fail(Assert.java:111)
at org.testng.Assert.failNotEquals(Assert.java:1578)
at org.testng.Assert.assertEqualsImpl(Assert.java:150)
at org.testng.Assert.assertEquals(Assert.java:132)
at org.testng.Assert.assertEquals(Assert.java:656)
at org.testng.Assert.assertEquals(Assert.java:666)
at accounting.opensourcedemoSteps.user_fails_to_navigate_to_dashboard_after_successful_login(opensourcedemoSteps.java:73)
at ✽.user fails to navigate to dashboard after successful login(file:///C:/eclipse-workspace/Cucumber/src/test/resources/features/accounting/opensourcedemo2.feature:8)
]]>
    </failure>
  </testcase> <!-- runScenario -->
  <testcase classname="io.cucumber.testng.AbstractTestNGCucumberTests" name="runScenario" time="1.295"/>
  <testcase classname="io.cucumber.testng.AbstractTestNGCucumberTests" name="runScenario" time="1.138"/>
</testsuite> <!-- Default test -->
