<?xml version="1.0" encoding="UTF-8"?>
<testng-results ignored="0" total="3" passed="2" failed="1" skipped="0">
  <reporter-output>
  </reporter-output>
  <suite started-at="2026-07-07T21:53:11 EDT" name="Suite" finished-at="2026-07-07T21:53:36 EDT" duration-ms="25038">
    <groups>
      <group name="cucumber">
        <method signature="AbstractTestNGCucumberTests.runScenario(io.cucumber.testng.PickleWrapper,io.cucumber.testng.FeatureWrapper)[pri:0, instance:runners.AccountingTestRunner@10e31a9a]" name="runScenario" class="io.cucumber.testng.AbstractTestNGCucumberTests"/>
      </group> <!-- cucumber -->
    </groups>
    <test started-at="2026-07-07T21:53:11 EDT" name="Test" finished-at="2026-07-07T21:53:36 EDT" duration-ms="25038">
      <class name="runners.AccountingTestRunner">
        <test-method is-config="true" signature="setUpClass(org.testng.ITestContext)[pri:0, instance:runners.AccountingTestRunner@10e31a9a]" started-at="2026-07-07T21:53:11 EDT" name="setUpClass" finished-at="2026-07-07T21:53:12 EDT" duration-ms="975" status="PASS">
          <params>
            <param index="0">
              <value>
                <![CDATA[org.testng.TestRunner@8297b3a]]>
              </value>
            </param>
          </params>
          <reporter-output>
          </reporter-output>
        </test-method> <!-- setUpClass -->
        <test-method signature="runScenario(io.cucumber.testng.PickleWrapper,io.cucumber.testng.FeatureWrapper)[pri:0, instance:runners.AccountingTestRunner@10e31a9a]" started-at="2026-07-07T21:53:12 EDT" name="runScenario" description="Runs Cucumber Scenarios" data-provider="scenarios" finished-at="2026-07-07T21:53:25 EDT" duration-ms="12673" status="PASS">
          <params>
            <param index="0">
              <value>
                <![CDATA["a few cukes"]]>
              </value>
            </param>
            <param index="1">
              <value>
                <![CDATA["Belly has cukes"]]>
              </value>
            </param>
          </params>
          <reporter-output>
          </reporter-output>
        </test-method> <!-- runScenario -->
        <test-method signature="runScenario(io.cucumber.testng.PickleWrapper,io.cucumber.testng.FeatureWrapper)[pri:0, instance:runners.AccountingTestRunner@10e31a9a]" started-at="2026-07-07T21:53:25 EDT" name="runScenario" description="Runs Cucumber Scenarios" data-provider="scenarios" finished-at="2026-07-07T21:53:30 EDT" duration-ms="4869" status="PASS">
          <params>
            <param index="0">
              <value>
                <![CDATA["check successful login"]]>
              </value>
            </param>
            <param index="1">
              <value>
                <![CDATA["Verify login functionality"]]>
              </value>
            </param>
          </params>
          <reporter-output>
          </reporter-output>
        </test-method> <!-- runScenario -->
        <test-method signature="runScenario(io.cucumber.testng.PickleWrapper,io.cucumber.testng.FeatureWrapper)[pri:0, instance:runners.AccountingTestRunner@10e31a9a]" started-at="2026-07-07T21:53:30 EDT" name="runScenario" description="Runs Cucumber Scenarios" data-provider="scenarios" finished-at="2026-07-07T21:53:36 EDT" duration-ms="6150" status="FAIL">
          <params>
            <param index="0">
              <value>
                <![CDATA["check successful login"]]>
              </value>
            </param>
            <param index="1">
              <value>
                <![CDATA["Verify login functionality"]]>
              </value>
            </param>
          </params>
          <exception class="java.lang.AssertionError">
            <message>
              <![CDATA[expected [WrongTitle] but found [OrangeHRM]]]>
            </message>
            <full-stacktrace>
              <![CDATA[java.lang.AssertionError: expected [WrongTitle] but found [OrangeHRM]
at org.testng.Assert.fail(Assert.java:111)
at org.testng.Assert.failNotEquals(Assert.java:1578)
at org.testng.Assert.assertEqualsImpl(Assert.java:150)
at org.testng.Assert.assertEquals(Assert.java:132)
at org.testng.Assert.assertEquals(Assert.java:656)
at org.testng.Assert.assertEquals(Assert.java:666)
at accounting.opensourcedemoSteps.user_fails_to_navigate_to_dashboard_after_successful_login(opensourcedemoSteps.java:73)
at ✽.user fails to navigate to dashboard after successful login(file:///C:/eclipse-workspace/Cucumber/src/test/resources/features/accounting/opensourcedemo2.feature:8)
]]>
            </full-stacktrace>
          </exception> <!-- java.lang.AssertionError -->
          <reporter-output>
          </reporter-output>
        </test-method> <!-- runScenario -->
        <test-method is-config="true" signature="tearDownClass()[pri:0, instance:runners.AccountingTestRunner@10e31a9a]" started-at="2026-07-07T21:53:36 EDT" name="tearDownClass" finished-at="2026-07-07T21:53:36 EDT" duration-ms="314" status="PASS">
          <reporter-output>
          </reporter-output>
        </test-method> <!-- tearDownClass -->
      </class> <!-- runners.AccountingTestRunner -->
    </test> <!-- Test -->
  </suite> <!-- Suite -->
</testng-results>
