<?xml version="1.0" encoding="UTF-8"?>
<!-- Generated by org.testng.reporters.JUnitReportReporter -->
<testsuite hostname="chathucharu" failures="1" tests="3" name="runners.AccountingTestRunner" time="23.692" errors="0" timestamp="2026-07-07T21:53:36 EDT" skipped="0">
  <testcase classname="runners.AccountingTestRunner" name="runScenario" time="4.869"/>
  <testcase classname="runners.AccountingTestRunner" name="runScenario" time="6.150">
    <failure message="expected [WrongTitle] but found [OrangeHRM]" type="java.lang.AssertionError">
      <![CDATA[java.lang.AssertionError: expected [WrongTitle] but found [OrangeHRM]
at org.testng.Assert.fail(Assert.java:111)
at org.testng.Assert.failNotEquals(Assert.java:1578)
at org.testng.Assert.assertEqualsImpl(Assert.java:150)
at org.testng.Assert.assertEquals(Assert.java:132)
at org.testng.Assert.assertEquals(Assert.java:656)
at org.testng.Assert.assertEquals(Assert.java:666)
at accounting.opensourcedemoSteps.user_fails_to_navigate_to_dashboard_after_successful_login(opensourcedemoSteps.java:73)
at ✽.user fails to navigate to dashboard after successful login(file:///C:/eclipse-workspace/Cucumber/src/test/resources/features/accounting/opensourcedemo2.feature:8)
]]>
    </failure>
  </testcase> <!-- runScenario -->
  <testcase classname="runners.AccountingTestRunner" name="runScenario" time="12.673"/>
</testsuite> <!-- runners.AccountingTestRunner -->
